<?xml version="1.0" encoding="UTF-8"?>
<!-- Generated by org.testng.reporters.JUnitXMLReporter -->
<testsuite hostname="MITCHELEGBO275E" ignored="1" name="Default test" tests="3" failures="0" timestamp="29 Mar 2018 20:36:31 GMT" time="0.047" errors="0">
  <testcase name="OpeningBrowser" time="0.0" classname="TestngFiles.DependencyAnnot"/>
  <testcase name="Timerelated" time="0.016" classname="TestngFiles.DependencyAnnot"/>
  <testcase name="FlightBooking" time="0.0" classname="TestngFiles.DependencyAnnot"/>
  <testcase name="Payment" time="0.0" classname="TestngFiles.DependencyAnnot">
    <ignored/>
  </testcase> <!-- Payment -->
</testsuite> <!-- Default test -->
